<?xml version="1.0" encoding="UTF-8"?>
<!-- Generated by org.testng.reporters.JUnitReportReporter -->
<testsuite hostname="Saer-Ubutu32" name="test4.CalculatorTest" tests="4" failures="0" timestamp="19 Oct 2016 09:41:17 GMT" time="0.022" errors="0">
  <testcase name="testSubtractNumbers" time="0.019" classname="test4.CalculatorTest"/>
  <testcase name="testdivideNumber" time="0.001" classname="test4.CalculatorTest"/>
  <testcase name="testMultiplyNumbers" time="0.002" classname="test4.CalculatorTest"/>
  <testcase name="testAddNumbers" time="0.000" classname="test4.CalculatorTest"/>
</testsuite> <!-- test4.CalculatorTest -->
